<?xml version="1.0" encoding="UTF-8"?>
<!-- Generated by org.testng.reporters.JUnitReportReporter -->
<testsuite hostname="LAPTOP-SJFN42LM" failures="0" tests="1" name="AutomationTesting.Vizismart.FileUploadTesting" time="34.387" errors="0" timestamp="2025-06-18T11:38:42 IST" skipped="0">
  <testcase classname="AutomationTesting.Vizismart.FileUploadTesting" name="login_page" time="34.387">
    <system-out>
      <![CDATA[ChromeDriver initialized
Navigated to Login page
Entered Email
Entered Password
Clicked on Login button
Clicked on Option Menu
Option Menu Clicked
UploadButton
Closed the browser]]>
    </system-out>
  </testcase> <!-- login_page -->
  <system-out>
    <![CDATA[ChromeDriver initialized
Navigated to Login page
Entered Email
Entered Password
Clicked on Login button
Clicked on Option Menu
Option Menu Clicked
UploadButton
Closed the browser]]>
  </system-out>
</testsuite> <!-- AutomationTesting.Vizismart.FileUploadTesting -->
