<?xml version="1.0" encoding="UTF-8"?>
<!-- Generated by org.testng.reporters.JUnitReportReporter -->
<testsuite hostname="LAPTOP-SJFN42LM" failures="0" tests="1" name="AutomationTesting.Vizismart.AutoLogin" time="10.567" errors="0" timestamp="2025-06-17T16:38:52 IST" skipped="0">
  <testcase classname="AutomationTesting.Vizismart.AutoLogin" name="login_page" time="10.567">
    <system-out>
      <![CDATA[ChromeDriver initialized
Navigated to Login page
Entered Email
Entered Password
Clicked on Login button
Waited for 2 seconds
Closed the browser]]>
    </system-out>
  </testcase> <!-- login_page -->
  <system-out>
    <![CDATA[ChromeDriver initialized
Navigated to Login page
Entered Email
Entered Password
Clicked on Login button
Waited for 2 seconds
Closed the browser]]>
  </system-out>
</testsuite> <!-- AutomationTesting.Vizismart.AutoLogin -->
