<?xml version="1.0" encoding="UTF-8"?>
<!-- Generated by org.testng.reporters.JUnitReportReporter -->
<testsuite hostname="LAPTOP-SJFN42LM" failures="0" tests="1" name="AutomationTesting.Vizismart.BulkPropert" time="30.975" errors="0" timestamp="2025-06-24T15:23:32 IST" skipped="0">
  <testcase classname="AutomationTesting.Vizismart.BulkPropert" name="login_page" time="30.975">
    <system-out>
      <![CDATA[ChromeDriver initialized
Navigated to Login page
Entered Email
Entered Password
Clicked on Login button
Clicked on Property Menu
Bulk Button Clicked
File Selected 
Upload Button Clicked
Closed the browser]]>
    </system-out>
  </testcase> <!-- login_page -->
  <system-out>
    <![CDATA[ChromeDriver initialized
Navigated to Login page
Entered Email
Entered Password
Clicked on Login button
Clicked on Property Menu
Bulk Button Clicked
File Selected 
Upload Button Clicked
Closed the browser]]>
  </system-out>
</testsuite> <!-- AutomationTesting.Vizismart.BulkPropert -->
