<?xml version="1.0" encoding="UTF-8"?>
<!-- Generated by org.testng.reporters.JUnitReportReporter -->
<testsuite hostname="LAPTOP-SJFN42LM" failures="0" tests="3" name="EditProfile.PropertyManagerProfile" time="26.523" errors="0" timestamp="2025-06-25T15:00:16 IST" skipped="0">
  <testcase classname="EditProfile.PropertyManagerProfile" name="HumburgerMenu" time="10.357">
    <system-out>
      <![CDATA[Clicked on Humburger Menu
Profile Option Menu Clicked]]>
    </system-out>
  </testcase> <!-- HumburgerMenu -->
  <testcase classname="EditProfile.PropertyManagerProfile" name="login" time="6.582">
    <system-out>
      <![CDATA[ChromeDriver initialized
Navigated to Login page
Entered Email
Entered Password
Clicked on Login button
Waited for 2 seconds]]>
    </system-out>
  </testcase> <!-- login -->
  <testcase classname="EditProfile.PropertyManagerProfile" name="EditProfile" time="9.584">
    <system-out>
      <![CDATA[name
Role Has entered
Company Has entered
PhoneNumber Has entered
Unchecked Sms Checkbox
Done Button Clicked]]>
    </system-out>
  </testcase> <!-- EditProfile -->
  <system-out>
    <![CDATA[ChromeDriver initialized
Navigated to Login page
Entered Email
Entered Password
Clicked on Login button
Waited for 2 seconds
Clicked on Humburger Menu
Profile Option Menu Clicked
name
Role Has entered
Company Has entered
PhoneNumber Has entered
Unchecked Sms Checkbox
Done Button Clicked]]>
  </system-out>
</testsuite> <!-- EditProfile.PropertyManagerProfile -->
