<?xml version="1.0" encoding="UTF-8"?>
<!-- Generated by org.testng.reporters.JUnitReportReporter -->
<testsuite hostname="LAPTOP-SJFN42LM" failures="0" tests="1" name="AutomationTesting.Vizismart.DownloadFile" time="22.513" errors="0" timestamp="2025-06-18T15:17:30 IST" skipped="0">
  <testcase classname="AutomationTesting.Vizismart.DownloadFile" name="login_page" time="22.513">
    <system-out>
      <![CDATA[ChromeDriver initialized
Navigated to Login page
Entered Email
Entered Password
Clicked on Login button
Clicked on Option Menu
Option Menu Clicked
Closed the browser]]>
    </system-out>
  </testcase> <!-- login_page -->
  <system-out>
    <![CDATA[ChromeDriver initialized
Navigated to Login page
Entered Email
Entered Password
Clicked on Login button
Clicked on Option Menu
Option Menu Clicked
Closed the browser]]>
  </system-out>
</testsuite> <!-- AutomationTesting.Vizismart.DownloadFile -->
